 
 Nodelist:=  node0014
 Number of nodes:=  1
 GPUs per node:=  1,2
 Ntasks per node:=  1
 Running on multiple nodes/GPU devices

 Run started at:- 
Sun May  8 04:29:31 EDT 2022
[1,0]<stdout>:{'eval_loss': 0.8220700621604919, 'eval_accuracy': 0.7099999785423279, 'eval_preds_freq': {0: 0, 1: 1891, 2: 12507, 3: 0, 4: 0, 5: 602}, 'eval_labels_freq': {0: 1995, 1: 2594, 2: 9283, 3: 427, 4: 130, 5: 571}, 'eval_runtime': 290.5266, 'eval_samples_per_second': 51.63, 'eval_steps_per_second': 6.454, 'epoch': 0.05}
[1,0]<stdout>:{'eval_loss': 0.8395727872848511, 'eval_accuracy': 0.7231333255767822, 'eval_preds_freq': {0: 0, 1: 1009, 2: 12518, 3: 876, 4: 0, 5: 597}, 'eval_labels_freq': {0: 1995, 1: 2594, 2: 9283, 3: 427, 4: 130, 5: 571}, 'eval_runtime': 290.4238, 'eval_samples_per_second': 51.649, 'eval_steps_per_second': 6.456, 'epoch': 0.1}
[1,0]<stdout>:{'eval_loss': 0.7280242443084717, 'eval_accuracy': 0.7154666781425476, 'eval_preds_freq': {0: 1019, 1: 22, 2: 12508, 3: 854, 4: 0, 5: 597}, 'eval_labels_freq': {0: 1995, 1: 2594, 2: 9283, 3: 427, 4: 130, 5: 571}, 'eval_runtime': 291.1108, 'eval_samples_per_second': 51.527, 'eval_steps_per_second': 6.441, 'epoch': 0.14}
[1,0]<stdout>:{'loss': 0.9137, 'learning_rate': 4.8117469879518074e-05, 'epoch': 0.19}
[1,0]<stdout>:{'eval_loss': 0.7145277261734009, 'eval_accuracy': 0.7240666747093201, 'eval_preds_freq': {0: 417, 1: 1295, 2: 11857, 3: 834, 4: 0, 5: 597}, 'eval_labels_freq': {0: 1995, 1: 2594, 2: 9283, 3: 427, 4: 130, 5: 571}, 'eval_runtime': 291.0817, 'eval_samples_per_second': 51.532, 'eval_steps_per_second': 6.441, 'epoch': 0.19}
[1,0]<stdout>:{'eval_loss': 0.7366577386856079, 'eval_accuracy': 0.723800003528595, 'eval_preds_freq': {0: 1, 1: 1022, 2: 12508, 3: 872, 4: 0, 5: 597}, 'eval_labels_freq': {0: 1995, 1: 2594, 2: 9283, 3: 427, 4: 130, 5: 571}, 'eval_runtime': 291.2639, 'eval_samples_per_second': 51.5, 'eval_steps_per_second': 6.437, 'epoch': 0.24}
[1,0]<stdout>:{'eval_loss': 0.6790357828140259, 'eval_accuracy': 0.7139999866485596, 'eval_preds_freq': {0: 1263, 1: 2107, 2: 10161, 3: 872, 4: 0, 5: 597}, 'eval_labels_freq': {0: 1995, 1: 2594, 2: 9283, 3: 427, 4: 130, 5: 571}, 'eval_runtime': 290.9332, 'eval_samples_per_second': 51.558, 'eval_steps_per_second': 6.445, 'epoch': 0.29}
[1,0]<stdout>:{'eval_loss': 0.6494620442390442, 'eval_accuracy': 0.7395333051681519, 'eval_preds_freq': {0: 1344, 1: 421, 2: 11938, 3: 700, 4: 0, 5: 597}, 'eval_labels_freq': {0: 1995, 1: 2594, 2: 9283, 3: 427, 4: 130, 5: 571}, 'eval_runtime': 290.744, 'eval_samples_per_second': 51.592, 'eval_steps_per_second': 6.449, 'epoch': 0.34}
[1,0]<stdout>:{'loss': 0.6896, 'learning_rate': 4.6234939759036145e-05, 'epoch': 0.38}
[1,0]<stdout>:{'eval_loss': 0.6000027060508728, 'eval_accuracy': 0.7508666515350342, 'eval_preds_freq': {0: 1307, 1: 1627, 2: 10727, 3: 742, 4: 0, 5: 597}, 'eval_labels_freq': {0: 1995, 1: 2594, 2: 9283, 3: 427, 4: 130, 5: 571}, 'eval_runtime': 291.2055, 'eval_samples_per_second': 51.51, 'eval_steps_per_second': 6.439, 'epoch': 0.39}
[1,0]<stdout>:{'eval_loss': 0.6064773797988892, 'eval_accuracy': 0.7418666481971741, 'eval_preds_freq': {0: 271, 1: 2518, 2: 10790, 3: 824, 4: 0, 5: 597}, 'eval_labels_freq': {0: 1995, 1: 2594, 2: 9283, 3: 427, 4: 130, 5: 571}, 'eval_runtime': 290.8818, 'eval_samples_per_second': 51.567, 'eval_steps_per_second': 6.446, 'epoch': 0.43}
[1,0]<stdout>:{'eval_loss': 0.6018912196159363, 'eval_accuracy': 0.7576666474342346, 'eval_preds_freq': {0: 1121, 1: 2180, 2: 10265, 3: 837, 4: 0, 5: 597}, 'eval_labels_freq': {0: 1995, 1: 2594, 2: 9283, 3: 427, 4: 130, 5: 571}, 'eval_runtime': 292.9809, 'eval_samples_per_second': 51.198, 'eval_steps_per_second': 6.4, 'epoch': 0.48}
[1,0]<stdout>:{'eval_loss': 0.573418140411377, 'eval_accuracy': 0.7755333185195923, 'eval_preds_freq': {0: 926, 1: 1765, 2: 11066, 3: 634, 4: 12, 5: 597}, 'eval_labels_freq': {0: 1995, 1: 2594, 2: 9283, 3: 427, 4: 130, 5: 571}, 'eval_runtime': 292.7875, 'eval_samples_per_second': 51.232, 'eval_steps_per_second': 6.404, 'epoch': 0.53}
[1,0]<stdout>:{'loss': 0.6095, 'learning_rate': 4.435240963855422e-05, 'epoch': 0.56}
[1,0]<stdout>:{'eval_loss': 0.5647725462913513, 'eval_accuracy': 0.7702000141143799, 'eval_preds_freq': {0: 1498, 1: 1384, 2: 10995, 3: 501, 4: 25, 5: 597}, 'eval_labels_freq': {0: 1995, 1: 2594, 2: 9283, 3: 427, 4: 130, 5: 571}, 'eval_runtime': 291.0184, 'eval_samples_per_second': 51.543, 'eval_steps_per_second': 6.443, 'epoch': 0.58}
[1,0]<stdout>:{'eval_loss': 0.6048026084899902, 'eval_accuracy': 0.7688666582107544, 'eval_preds_freq': {0: 1203, 1: 898, 2: 11618, 3: 684, 4: 0, 5: 597}, 'eval_labels_freq': {0: 1995, 1: 2594, 2: 9283, 3: 427, 4: 130, 5: 571}, 'eval_runtime': 291.388, 'eval_samples_per_second': 51.478, 'eval_steps_per_second': 6.435, 'epoch': 0.63}
[1,0]<stdout>:{'eval_loss': 0.5566196441650391, 'eval_accuracy': 0.7708666920661926, 'eval_preds_freq': {0: 764, 1: 1429, 2: 11592, 3: 618, 4: 0, 5: 597}, 'eval_labels_freq': {0: 1995, 1: 2594, 2: 9283, 3: 427, 4: 130, 5: 571}, 'eval_runtime': 291.2102, 'eval_samples_per_second': 51.509, 'eval_steps_per_second': 6.439, 'epoch': 0.67}
[1,0]<stdout>:{'eval_loss': 0.568583607673645, 'eval_accuracy': 0.7736666798591614, 'eval_preds_freq': {0: 1230, 1: 1175, 2: 11372, 3: 623, 4: 3, 5: 597}, 'eval_labels_freq': {0: 1995, 1: 2594, 2: 9283, 3: 427, 4: 130, 5: 571}, 'eval_runtime': 291.2041, 'eval_samples_per_second': 51.51, 'eval_steps_per_second': 6.439, 'epoch': 0.72}
[1,0]<stdout>:{'loss': 0.5848, 'learning_rate': 4.2469879518072294e-05, 'epoch': 0.75}
[1,0]<stdout>:{'eval_loss': 0.5466856956481934, 'eval_accuracy': 0.7799999713897705, 'eval_preds_freq': {0: 1036, 1: 1526, 2: 11104, 3: 726, 4: 11, 5: 597}, 'eval_labels_freq': {0: 1995, 1: 2594, 2: 9283, 3: 427, 4: 130, 5: 571}, 'eval_runtime': 290.9306, 'eval_samples_per_second': 51.559, 'eval_steps_per_second': 6.445, 'epoch': 0.77}
[1,0]<stdout>:{'eval_loss': 0.5773065686225891, 'eval_accuracy': 0.7768666744232178, 'eval_preds_freq': {0: 759, 1: 1815, 2: 11060, 3: 768, 4: 1, 5: 597}, 'eval_labels_freq': {0: 1995, 1: 2594, 2: 9283, 3: 427, 4: 130, 5: 571}, 'eval_runtime': 291.036, 'eval_samples_per_second': 51.54, 'eval_steps_per_second': 6.443, 'epoch': 0.82}
[1,0]<stdout>:{'eval_loss': 0.5393912196159363, 'eval_accuracy': 0.7819333076477051, 'eval_preds_freq': {0: 1227, 1: 1541, 2: 10912, 3: 693, 4: 30, 5: 597}, 'eval_labels_freq': {0: 1995, 1: 2594, 2: 9283, 3: 427, 4: 130, 5: 571}, 'eval_runtime': 291.0292, 'eval_samples_per_second': 51.541, 'eval_steps_per_second': 6.443, 'epoch': 0.87}
[1,0]<stdout>:{'eval_loss': 0.5460596680641174, 'eval_accuracy': 0.7757999897003174, 'eval_preds_freq': {0: 927, 1: 1725, 2: 10970, 3: 781, 4: 0, 5: 597}, 'eval_labels_freq': {0: 1995, 1: 2594, 2: 9283, 3: 427, 4: 130, 5: 571}, 'eval_runtime': 290.2899, 'eval_samples_per_second': 51.672, 'eval_steps_per_second': 6.459, 'epoch': 0.92}
[1,0]<stdout>:{'loss': 0.5711, 'learning_rate': 4.0587349397590365e-05, 'epoch': 0.94}
[1,0]<stdout>:{'eval_loss': 0.5494534969329834, 'eval_accuracy': 0.7775999903678894, 'eval_preds_freq': {0: 1070, 1: 1726, 2: 11082, 3: 409, 4: 116, 5: 597}, 'eval_labels_freq': {0: 1995, 1: 2594, 2: 9283, 3: 427, 4: 130, 5: 571}, 'eval_runtime': 290.6064, 'eval_samples_per_second': 51.616, 'eval_steps_per_second': 6.452, 'epoch': 0.96}
[1,0]<stdout>:{'eval_loss': 0.5545316338539124, 'eval_accuracy': 0.7797999978065491, 'eval_preds_freq': {0: 997, 1: 1221, 2: 11621, 3: 564, 4: 0, 5: 597}, 'eval_labels_freq': {0: 1995, 1: 2594, 2: 9283, 3: 427, 4: 130, 5: 571}, 'eval_runtime': 290.73, 'eval_samples_per_second': 51.594, 'eval_steps_per_second': 6.449, 'epoch': 1.01}
[1,0]<stdout>:{'eval_loss': 0.5529994964599609, 'eval_accuracy': 0.7770000100135803, 'eval_preds_freq': {0: 1498, 1: 1398, 2: 10759, 3: 745, 4: 3, 5: 597}, 'eval_labels_freq': {0: 1995, 1: 2594, 2: 9283, 3: 427, 4: 130, 5: 571}, 'eval_runtime': 290.7478, 'eval_samples_per_second': 51.591, 'eval_steps_per_second': 6.449, 'epoch': 1.06}
[1,0]<stdout>:{'eval_loss': 0.5643372535705566, 'eval_accuracy': 0.7822666764259338, 'eval_preds_freq': {0: 947, 1: 1467, 2: 11414, 3: 540, 4: 35, 5: 597}, 'eval_labels_freq': {0: 1995, 1: 2594, 2: 9283, 3: 427, 4: 130, 5: 571}, 'eval_runtime': 293.1246, 'eval_samples_per_second': 51.173, 'eval_steps_per_second': 6.397, 'epoch': 1.11}
[1,0]<stdout>:{'loss': 0.5556, 'learning_rate': 3.8704819277108436e-05, 'epoch': 1.13}
[1,0]<stdout>:{'eval_loss': 0.5382406711578369, 'eval_accuracy': 0.7861999869346619, 'eval_preds_freq': {0: 1105, 1: 1611, 2: 11089, 3: 587, 4: 11, 5: 597}, 'eval_labels_freq': {0: 1995, 1: 2594, 2: 9283, 3: 427, 4: 130, 5: 571}, 'eval_runtime': 290.8393, 'eval_samples_per_second': 51.575, 'eval_steps_per_second': 6.447, 'epoch': 1.16}
[1,0]<stdout>:{'eval_loss': 0.533811628818512, 'eval_accuracy': 0.7839333415031433, 'eval_preds_freq': {0: 1172, 1: 1471, 2: 10997, 3: 688, 4: 75, 5: 597}, 'eval_labels_freq': {0: 1995, 1: 2594, 2: 9283, 3: 427, 4: 130, 5: 571}, 'eval_runtime': 290.8188, 'eval_samples_per_second': 51.579, 'eval_steps_per_second': 6.447, 'epoch': 1.2}
[1,0]<stdout>:{'eval_loss': 0.554310142993927, 'eval_accuracy': 0.7836666703224182, 'eval_preds_freq': {0: 1415, 1: 1339, 2: 10999, 3: 633, 4: 17, 5: 597}, 'eval_labels_freq': {0: 1995, 1: 2594, 2: 9283, 3: 427, 4: 130, 5: 571}, 'eval_runtime': 291.0309, 'eval_samples_per_second': 51.541, 'eval_steps_per_second': 6.443, 'epoch': 1.25}
[1,0]<stdout>:{'eval_loss': 0.5295135974884033, 'eval_accuracy': 0.7829333543777466, 'eval_preds_freq': {0: 1393, 1: 1606, 2: 10906, 3: 498, 4: 0, 5: 597}, 'eval_labels_freq': {0: 1995, 1: 2594, 2: 9283, 3: 427, 4: 130, 5: 571}, 'eval_runtime': 290.8166, 'eval_samples_per_second': 51.579, 'eval_steps_per_second': 6.447, 'epoch': 1.3}
[1,0]<stdout>:{'loss': 0.5498, 'learning_rate': 3.6822289156626514e-05, 'epoch': 1.32}
[1,0]<stdout>:{'eval_loss': 0.5348264575004578, 'eval_accuracy': 0.7850000262260437, 'eval_preds_freq': {0: 1490, 1: 1828, 2: 10506, 3: 571, 4: 8, 5: 597}, 'eval_labels_freq': {0: 1995, 1: 2594, 2: 9283, 3: 427, 4: 130, 5: 571}, 'eval_runtime': 292.8864, 'eval_samples_per_second': 51.214, 'eval_steps_per_second': 6.402, 'epoch': 1.35}
[1,0]<stdout>:{'eval_loss': 0.5381067395210266, 'eval_accuracy': 0.7810666561126709, 'eval_preds_freq': {0: 1428, 1: 1328, 2: 11114, 3: 499, 4: 34, 5: 597}, 'eval_labels_freq': {0: 1995, 1: 2594, 2: 9283, 3: 427, 4: 130, 5: 571}, 'eval_runtime': 290.9403, 'eval_samples_per_second': 51.557, 'eval_steps_per_second': 6.445, 'epoch': 1.4}
[1,0]<stdout>:{'eval_loss': 0.5423561930656433, 'eval_accuracy': 0.7823333144187927, 'eval_preds_freq': {0: 1337, 1: 1223, 2: 11140, 3: 688, 4: 15, 5: 597}, 'eval_labels_freq': {0: 1995, 1: 2594, 2: 9283, 3: 427, 4: 130, 5: 571}, 'eval_runtime': 290.7302, 'eval_samples_per_second': 51.594, 'eval_steps_per_second': 6.449, 'epoch': 1.45}
[1,0]<stdout>:{'eval_loss': 0.5332908630371094, 'eval_accuracy': 0.7832666635513306, 'eval_preds_freq': {0: 1408, 1: 1584, 2: 11091, 3: 320, 4: 0, 5: 597}, 'eval_labels_freq': {0: 1995, 1: 2594, 2: 9283, 3: 427, 4: 130, 5: 571}, 'eval_runtime': 290.8826, 'eval_samples_per_second': 51.567, 'eval_steps_per_second': 6.446, 'epoch': 1.49}
[1,0]<stdout>:{'loss': 0.5374, 'learning_rate': 3.4939759036144585e-05, 'epoch': 1.51}
[1,0]<stdout>:{'eval_loss': 0.5357787013053894, 'eval_accuracy': 0.7805333137512207, 'eval_preds_freq': {0: 1388, 1: 1023, 2: 11388, 3: 604, 4: 0, 5: 597}, 'eval_labels_freq': {0: 1995, 1: 2594, 2: 9283, 3: 427, 4: 130, 5: 571}, 'eval_runtime': 290.9439, 'eval_samples_per_second': 51.556, 'eval_steps_per_second': 6.445, 'epoch': 1.54}
[1,0]<stdout>:{'eval_loss': 0.5428402423858643, 'eval_accuracy': 0.7784666419029236, 'eval_preds_freq': {0: 1446, 1: 2172, 2: 10019, 3: 607, 4: 159, 5: 597}, 'eval_labels_freq': {0: 1995, 1: 2594, 2: 9283, 3: 427, 4: 130, 5: 571}, 'eval_runtime': 290.8713, 'eval_samples_per_second': 51.569, 'eval_steps_per_second': 6.446, 'epoch': 1.59}
[1,0]<stdout>:{'eval_loss': 0.5344072580337524, 'eval_accuracy': 0.7868666648864746, 'eval_preds_freq': {0: 1190, 1: 1469, 2: 11042, 3: 611, 4: 91, 5: 597}, 'eval_labels_freq': {0: 1995, 1: 2594, 2: 9283, 3: 427, 4: 130, 5: 571}, 'eval_runtime': 290.9438, 'eval_samples_per_second': 51.556, 'eval_steps_per_second': 6.445, 'epoch': 1.64}
[1,0]<stdout>:{'eval_loss': 0.5343064665794373, 'eval_accuracy': 0.785266637802124, 'eval_preds_freq': {0: 1166, 1: 1622, 2: 10988, 3: 595, 4: 32, 5: 597}, 'eval_labels_freq': {0: 1995, 1: 2594, 2: 9283, 3: 427, 4: 130, 5: 571}, 'eval_runtime': 290.3781, 'eval_samples_per_second': 51.657, 'eval_steps_per_second': 6.457, 'epoch': 1.69}
[1,0]<stdout>:{'loss': 0.5431, 'learning_rate': 3.305722891566265e-05, 'epoch': 1.69}
[1,0]<stdout>:{'eval_loss': 0.5259765386581421, 'eval_accuracy': 0.7844666838645935, 'eval_preds_freq': {0: 1415, 1: 1662, 2: 10792, 3: 511, 4: 23, 5: 597}, 'eval_labels_freq': {0: 1995, 1: 2594, 2: 9283, 3: 427, 4: 130, 5: 571}, 'eval_runtime': 290.7163, 'eval_samples_per_second': 51.597, 'eval_steps_per_second': 6.45, 'epoch': 1.73}
[1,0]<stdout>:{'eval_loss': 0.5202614068984985, 'eval_accuracy': 0.7864000201225281, 'eval_preds_freq': {0: 1401, 1: 1358, 2: 10951, 3: 677, 4: 16, 5: 597}, 'eval_labels_freq': {0: 1995, 1: 2594, 2: 9283, 3: 427, 4: 130, 5: 571}, 'eval_runtime': 290.7489, 'eval_samples_per_second': 51.591, 'eval_steps_per_second': 6.449, 'epoch': 1.78}
[1,0]<stdout>:{'eval_loss': 0.5271929502487183, 'eval_accuracy': 0.7811333537101746, 'eval_preds_freq': {0: 1712, 1: 2034, 2: 10208, 3: 423, 4: 26, 5: 597}, 'eval_labels_freq': {0: 1995, 1: 2594, 2: 9283, 3: 427, 4: 130, 5: 571}, 'eval_runtime': 290.8928, 'eval_samples_per_second': 51.565, 'eval_steps_per_second': 6.446, 'epoch': 1.83}
[1,0]<stdout>:{'eval_loss': 0.5377426743507385, 'eval_accuracy': 0.7781999707221985, 'eval_preds_freq': {0: 1160, 1: 2213, 2: 10301, 3: 714, 4: 15, 5: 597}, 'eval_labels_freq': {0: 1995, 1: 2594, 2: 9283, 3: 427, 4: 130, 5: 571}, 'eval_runtime': 290.9517, 'eval_samples_per_second': 51.555, 'eval_steps_per_second': 6.444, 'epoch': 1.88}
[1,0]<stdout>:{'loss': 0.5395, 'learning_rate': 3.117469879518072e-05, 'epoch': 1.88}
[1,0]<stdout>:{'eval_loss': 0.5226538181304932, 'eval_accuracy': 0.7846666574478149, 'eval_preds_freq': {0: 1623, 1: 1696, 2: 10598, 3: 450, 4: 36, 5: 597}, 'eval_labels_freq': {0: 1995, 1: 2594, 2: 9283, 3: 427, 4: 130, 5: 571}, 'eval_runtime': 290.8865, 'eval_samples_per_second': 51.566, 'eval_steps_per_second': 6.446, 'epoch': 1.93}
[1,0]<stdout>:{'eval_loss': 0.5208869576454163, 'eval_accuracy': 0.7864000201225281, 'eval_preds_freq': {0: 1396, 1: 1600, 2: 10745, 3: 654, 4: 8, 5: 597}, 'eval_labels_freq': {0: 1995, 1: 2594, 2: 9283, 3: 427, 4: 130, 5: 571}, 'eval_runtime': 290.8601, 'eval_samples_per_second': 51.571, 'eval_steps_per_second': 6.446, 'epoch': 1.98}
[1,0]<stdout>:{'eval_loss': 0.519321858882904, 'eval_accuracy': 0.7875333428382874, 'eval_preds_freq': {0: 1401, 1: 1832, 2: 10557, 3: 608, 4: 5, 5: 597}, 'eval_labels_freq': {0: 1995, 1: 2594, 2: 9283, 3: 427, 4: 130, 5: 571}, 'eval_runtime': 290.3326, 'eval_samples_per_second': 51.665, 'eval_steps_per_second': 6.458, 'epoch': 2.02}
[1,0]<stdout>:{'loss': 0.5382, 'learning_rate': 2.9292168674698795e-05, 'epoch': 2.07}
[1,0]<stdout>:{'eval_loss': 0.5191143155097961, 'eval_accuracy': 0.7874000072479248, 'eval_preds_freq': {0: 1540, 1: 1644, 2: 10380, 3: 715, 4: 124, 5: 597}, 'eval_labels_freq': {0: 1995, 1: 2594, 2: 9283, 3: 427, 4: 130, 5: 571}, 'eval_runtime': 290.7445, 'eval_samples_per_second': 51.592, 'eval_steps_per_second': 6.449, 'epoch': 2.07}
[1,0]<stdout>:{'eval_loss': 0.5264448523521423, 'eval_accuracy': 0.7897999882698059, 'eval_preds_freq': {0: 1239, 1: 1625, 2: 10724, 3: 688, 4: 127, 5: 597}, 'eval_labels_freq': {0: 1995, 1: 2594, 2: 9283, 3: 427, 4: 130, 5: 571}, 'eval_runtime': 292.8493, 'eval_samples_per_second': 51.221, 'eval_steps_per_second': 6.403, 'epoch': 2.12}
[1,0]<stdout>:{'eval_loss': 0.5162537693977356, 'eval_accuracy': 0.7882000207901001, 'eval_preds_freq': {0: 1322, 1: 1880, 2: 10572, 3: 608, 4: 21, 5: 597}, 'eval_labels_freq': {0: 1995, 1: 2594, 2: 9283, 3: 427, 4: 130, 5: 571}, 'eval_runtime': 291.0484, 'eval_samples_per_second': 51.538, 'eval_steps_per_second': 6.442, 'epoch': 2.17}
[1,0]<stdout>:{'eval_loss': 0.5315443277359009, 'eval_accuracy': 0.7839999794960022, 'eval_preds_freq': {0: 1566, 1: 1989, 2: 10084, 3: 696, 4: 68, 5: 597}, 'eval_labels_freq': {0: 1995, 1: 2594, 2: 9283, 3: 427, 4: 130, 5: 571}, 'eval_runtime': 290.5208, 'eval_samples_per_second': 51.631, 'eval_steps_per_second': 6.454, 'epoch': 2.22}
[1,0]<stdout>:{'loss': 0.5226, 'learning_rate': 2.7409638554216873e-05, 'epoch': 2.26}
[1,0]<stdout>:{'eval_loss': 0.5431498289108276, 'eval_accuracy': 0.7840666770935059, 'eval_preds_freq': {0: 1649, 1: 1995, 2: 10032, 3: 622, 4: 105, 5: 597}, 'eval_labels_freq': {0: 1995, 1: 2594, 2: 9283, 3: 427, 4: 130, 5: 571}, 'eval_runtime': 290.5907, 'eval_samples_per_second': 51.619, 'eval_steps_per_second': 6.452, 'epoch': 2.27}
[1,0]<stdout>:{'eval_loss': 0.5193188190460205, 'eval_accuracy': 0.7892000079154968, 'eval_preds_freq': {0: 1534, 1: 1925, 2: 10291, 3: 647, 4: 6, 5: 597}, 'eval_labels_freq': {0: 1995, 1: 2594, 2: 9283, 3: 427, 4: 130, 5: 571}, 'eval_runtime': 290.4781, 'eval_samples_per_second': 51.639, 'eval_steps_per_second': 6.455, 'epoch': 2.31}
[1,0]<stdout>:{'eval_loss': 0.5265974998474121, 'eval_accuracy': 0.7871333360671997, 'eval_preds_freq': {0: 1463, 1: 2001, 2: 10404, 3: 528, 4: 7, 5: 597}, 'eval_labels_freq': {0: 1995, 1: 2594, 2: 9283, 3: 427, 4: 130, 5: 571}, 'eval_runtime': 290.6795, 'eval_samples_per_second': 51.603, 'eval_steps_per_second': 6.45, 'epoch': 2.36}
[1,0]<stdout>:{'eval_loss': 0.5285082459449768, 'eval_accuracy': 0.7868666648864746, 'eval_preds_freq': {0: 1540, 1: 1381, 2: 10735, 3: 674, 4: 73, 5: 597}, 'eval_labels_freq': {0: 1995, 1: 2594, 2: 9283, 3: 427, 4: 130, 5: 571}, 'eval_runtime': 290.918, 'eval_samples_per_second': 51.561, 'eval_steps_per_second': 6.445, 'epoch': 2.41}
[1,0]<stdout>:{'loss': 0.5201, 'learning_rate': 2.552710843373494e-05, 'epoch': 2.45}
[1,0]<stdout>:{'eval_loss': 0.5194819569587708, 'eval_accuracy': 0.7902666926383972, 'eval_preds_freq': {0: 1302, 1: 1450, 2: 10912, 3: 699, 4: 42, 5: 595}, 'eval_labels_freq': {0: 1995, 1: 2594, 2: 9283, 3: 427, 4: 130, 5: 571}, 'eval_runtime': 290.9893, 'eval_samples_per_second': 51.548, 'eval_steps_per_second': 6.444, 'epoch': 2.46}
[1,0]<stdout>:{'eval_loss': 0.5236309766769409, 'eval_accuracy': 0.7844666838645935, 'eval_preds_freq': {0: 1657, 1: 2035, 2: 9980, 3: 689, 4: 42, 5: 597}, 'eval_labels_freq': {0: 1995, 1: 2594, 2: 9283, 3: 427, 4: 130, 5: 571}, 'eval_runtime': 290.9843, 'eval_samples_per_second': 51.549, 'eval_steps_per_second': 6.444, 'epoch': 2.51}
[1,0]<stdout>:{'eval_loss': 0.5165470838546753, 'eval_accuracy': 0.7897999882698059, 'eval_preds_freq': {0: 1252, 1: 1920, 2: 10621, 3: 609, 4: 1, 5: 597}, 'eval_labels_freq': {0: 1995, 1: 2594, 2: 9283, 3: 427, 4: 130, 5: 571}, 'eval_runtime': 290.7878, 'eval_samples_per_second': 51.584, 'eval_steps_per_second': 6.448, 'epoch': 2.55}
[1,0]<stdout>:{'eval_loss': 0.5080817341804504, 'eval_accuracy': 0.7905333042144775, 'eval_preds_freq': {0: 1282, 1: 1729, 2: 10711, 3: 656, 4: 25, 5: 597}, 'eval_labels_freq': {0: 1995, 1: 2594, 2: 9283, 3: 427, 4: 130, 5: 571}, 'eval_runtime': 290.1822, 'eval_samples_per_second': 51.692, 'eval_steps_per_second': 6.461, 'epoch': 2.6}
[1,0]<stdout>:{'loss': 0.5146, 'learning_rate': 2.364457831325301e-05, 'epoch': 2.64}
[1,0]<stdout>:{'eval_loss': 0.5120338201522827, 'eval_accuracy': 0.7893999814987183, 'eval_preds_freq': {0: 1319, 1: 1671, 2: 10690, 3: 657, 4: 66, 5: 597}, 'eval_labels_freq': {0: 1995, 1: 2594, 2: 9283, 3: 427, 4: 130, 5: 571}, 'eval_runtime': 290.822, 'eval_samples_per_second': 51.578, 'eval_steps_per_second': 6.447, 'epoch': 2.65}
[1,0]<stdout>:{'eval_loss': 0.5162714719772339, 'eval_accuracy': 0.7910666465759277, 'eval_preds_freq': {0: 1538, 1: 1705, 2: 10416, 3: 731, 4: 13, 5: 597}, 'eval_labels_freq': {0: 1995, 1: 2594, 2: 9283, 3: 427, 4: 130, 5: 571}, 'eval_runtime': 290.5976, 'eval_samples_per_second': 51.618, 'eval_steps_per_second': 6.452, 'epoch': 2.7}
[1,0]<stdout>:{'eval_loss': 0.5130937099456787, 'eval_accuracy': 0.791266679763794, 'eval_preds_freq': {0: 1340, 1: 1779, 2: 10677, 3: 603, 4: 4, 5: 597}, 'eval_labels_freq': {0: 1995, 1: 2594, 2: 9283, 3: 427, 4: 130, 5: 571}, 'eval_runtime': 290.7266, 'eval_samples_per_second': 51.595, 'eval_steps_per_second': 6.449, 'epoch': 2.75}
[1,0]<stdout>:{'eval_loss': 0.514271080493927, 'eval_accuracy': 0.7907999753952026, 'eval_preds_freq': {0: 1232, 1: 1645, 2: 10884, 3: 594, 4: 48, 5: 597}, 'eval_labels_freq': {0: 1995, 1: 2594, 2: 9283, 3: 427, 4: 130, 5: 571}, 'eval_runtime': 290.9101, 'eval_samples_per_second': 51.562, 'eval_steps_per_second': 6.445, 'epoch': 2.8}
[1,0]<stdout>:{'loss': 0.5318, 'learning_rate': 2.1762048192771086e-05, 'epoch': 2.82}
[1,0]<stdout>:{'eval_loss': 0.5206058025360107, 'eval_accuracy': 0.7901999950408936, 'eval_preds_freq': {0: 1439, 1: 1911, 2: 10473, 3: 511, 4: 69, 5: 597}, 'eval_labels_freq': {0: 1995, 1: 2594, 2: 9283, 3: 427, 4: 130, 5: 571}, 'eval_runtime': 290.8241, 'eval_samples_per_second': 51.578, 'eval_steps_per_second': 6.447, 'epoch': 2.84}
[1,0]<stdout>:{'eval_loss': 0.5088071823120117, 'eval_accuracy': 0.7911999821662903, 'eval_preds_freq': {0: 1599, 1: 1764, 2: 10485, 3: 468, 4: 87, 5: 597}, 'eval_labels_freq': {0: 1995, 1: 2594, 2: 9283, 3: 427, 4: 130, 5: 571}, 'eval_runtime': 290.5508, 'eval_samples_per_second': 51.626, 'eval_steps_per_second': 6.453, 'epoch': 2.89}
[1,0]<stdout>:{'eval_loss': 0.5041191577911377, 'eval_accuracy': 0.7953333258628845, 'eval_preds_freq': {0: 1131, 1: 1664, 2: 10875, 3: 694, 4: 39, 5: 597}, 'eval_labels_freq': {0: 1995, 1: 2594, 2: 9283, 3: 427, 4: 130, 5: 571}, 'eval_runtime': 290.6149, 'eval_samples_per_second': 51.615, 'eval_steps_per_second': 6.452, 'epoch': 2.94}
[1,0]<stdout>:{'eval_loss': 0.5054994225502014, 'eval_accuracy': 0.7941333055496216, 'eval_preds_freq': {0: 1095, 1: 1731, 2: 10890, 3: 583, 4: 104, 5: 597}, 'eval_labels_freq': {0: 1995, 1: 2594, 2: 9283, 3: 427, 4: 130, 5: 571}, 'eval_runtime': 290.906, 'eval_samples_per_second': 51.563, 'eval_steps_per_second': 6.445, 'epoch': 2.99}
[1,0]<stdout>:{'loss': 0.5185, 'learning_rate': 1.9879518072289157e-05, 'epoch': 3.01}
[1,0]<stdout>:{'eval_loss': 0.5158284306526184, 'eval_accuracy': 0.7913333177566528, 'eval_preds_freq': {0: 1417, 1: 1365, 2: 10861, 3: 725, 4: 35, 5: 597}, 'eval_labels_freq': {0: 1995, 1: 2594, 2: 9283, 3: 427, 4: 130, 5: 571}, 'eval_runtime': 291.0073, 'eval_samples_per_second': 51.545, 'eval_steps_per_second': 6.443, 'epoch': 3.04}
[1,0]<stdout>:{'eval_loss': 0.5085617303848267, 'eval_accuracy': 0.7929333448410034, 'eval_preds_freq': {0: 1231, 1: 1613, 2: 10878, 3: 627, 4: 54, 5: 597}, 'eval_labels_freq': {0: 1995, 1: 2594, 2: 9283, 3: 427, 4: 130, 5: 571}, 'eval_runtime': 290.8854, 'eval_samples_per_second': 51.567, 'eval_steps_per_second': 6.446, 'epoch': 3.08}
[1,0]<stdout>:{'eval_loss': 0.509395182132721, 'eval_accuracy': 0.7915999889373779, 'eval_preds_freq': {0: 1542, 1: 1468, 2: 10758, 3: 607, 4: 28, 5: 597}, 'eval_labels_freq': {0: 1995, 1: 2594, 2: 9283, 3: 427, 4: 130, 5: 571}, 'eval_runtime': 290.9722, 'eval_samples_per_second': 51.551, 'eval_steps_per_second': 6.444, 'epoch': 3.13}
[1,0]<stdout>:{'eval_loss': 0.5086064338684082, 'eval_accuracy': 0.7921333312988281, 'eval_preds_freq': {0: 1433, 1: 1708, 2: 10569, 3: 670, 4: 23, 5: 597}, 'eval_labels_freq': {0: 1995, 1: 2594, 2: 9283, 3: 427, 4: 130, 5: 571}, 'eval_runtime': 291.1186, 'eval_samples_per_second': 51.525, 'eval_steps_per_second': 6.441, 'epoch': 3.18}
[1,0]<stdout>:{'loss': 0.5083, 'learning_rate': 1.7996987951807228e-05, 'epoch': 3.2}
[1,0]<stdout>:{'eval_loss': 0.5050567984580994, 'eval_accuracy': 0.7928000092506409, 'eval_preds_freq': {0: 1271, 1: 1986, 2: 10510, 3: 565, 4: 71, 5: 597}, 'eval_labels_freq': {0: 1995, 1: 2594, 2: 9283, 3: 427, 4: 130, 5: 571}, 'eval_runtime': 290.997, 'eval_samples_per_second': 51.547, 'eval_steps_per_second': 6.443, 'epoch': 3.23}
[1,0]<stdout>:{'eval_loss': 0.5071274638175964, 'eval_accuracy': 0.7893333435058594, 'eval_preds_freq': {0: 1696, 1: 1768, 2: 10338, 3: 580, 4: 21, 5: 597}, 'eval_labels_freq': {0: 1995, 1: 2594, 2: 9283, 3: 427, 4: 130, 5: 571}, 'eval_runtime': 290.9228, 'eval_samples_per_second': 51.56, 'eval_steps_per_second': 6.445, 'epoch': 3.28}
[1,0]<stdout>:{'eval_loss': 0.5105794072151184, 'eval_accuracy': 0.7942000031471252, 'eval_preds_freq': {0: 1384, 1: 1696, 2: 10564, 3: 728, 4: 31, 5: 597}, 'eval_labels_freq': {0: 1995, 1: 2594, 2: 9283, 3: 427, 4: 130, 5: 571}, 'eval_runtime': 290.2738, 'eval_samples_per_second': 51.675, 'eval_steps_per_second': 6.459, 'epoch': 3.33}
[1,0]<stdout>:{'eval_loss': 0.5063953995704651, 'eval_accuracy': 0.7954000234603882, 'eval_preds_freq': {0: 1284, 1: 1712, 2: 10677, 3: 654, 4: 76, 5: 597}, 'eval_labels_freq': {0: 1995, 1: 2594, 2: 9283, 3: 427, 4: 130, 5: 571}, 'eval_runtime': 290.6621, 'eval_samples_per_second': 51.606, 'eval_steps_per_second': 6.451, 'epoch': 3.37}
[1,0]<stdout>:{'loss': 0.5102, 'learning_rate': 1.6114457831325303e-05, 'epoch': 3.39}
[1,0]<stdout>:{'eval_loss': 0.509598433971405, 'eval_accuracy': 0.7922666668891907, 'eval_preds_freq': {0: 1537, 1: 1532, 2: 10623, 3: 642, 4: 69, 5: 597}, 'eval_labels_freq': {0: 1995, 1: 2594, 2: 9283, 3: 427, 4: 130, 5: 571}, 'eval_runtime': 291.0532, 'eval_samples_per_second': 51.537, 'eval_steps_per_second': 6.442, 'epoch': 3.42}
[1,0]<stdout>:{'eval_loss': 0.5104175209999084, 'eval_accuracy': 0.7916666865348816, 'eval_preds_freq': {0: 1353, 1: 1993, 2: 10444, 3: 533, 4: 80, 5: 597}, 'eval_labels_freq': {0: 1995, 1: 2594, 2: 9283, 3: 427, 4: 130, 5: 571}, 'eval_runtime': 291.0694, 'eval_samples_per_second': 51.534, 'eval_steps_per_second': 6.442, 'epoch': 3.47}
[1,0]<stdout>:{'eval_loss': 0.500066876411438, 'eval_accuracy': 0.7947333455085754, 'eval_preds_freq': {0: 1425, 1: 1569, 2: 10815, 3: 523, 4: 71, 5: 597}, 'eval_labels_freq': {0: 1995, 1: 2594, 2: 9283, 3: 427, 4: 130, 5: 571}, 'eval_runtime': 292.7437, 'eval_samples_per_second': 51.239, 'eval_steps_per_second': 6.405, 'epoch': 3.52}
[1,0]<stdout>:{'eval_loss': 0.5085139870643616, 'eval_accuracy': 0.7941333055496216, 'eval_preds_freq': {0: 1469, 1: 1546, 2: 10629, 3: 690, 4: 69, 5: 597}, 'eval_labels_freq': {0: 1995, 1: 2594, 2: 9283, 3: 427, 4: 130, 5: 571}, 'eval_runtime': 290.7011, 'eval_samples_per_second': 51.599, 'eval_steps_per_second': 6.45, 'epoch': 3.57}
[1,0]<stdout>:{'loss': 0.5022, 'learning_rate': 1.4231927710843374e-05, 'epoch': 3.58}
[1,0]<stdout>:{'eval_loss': 0.5031500458717346, 'eval_accuracy': 0.7939333319664001, 'eval_preds_freq': {0: 1487, 1: 1923, 2: 10294, 3: 642, 4: 57, 5: 597}, 'eval_labels_freq': {0: 1995, 1: 2594, 2: 9283, 3: 427, 4: 130, 5: 571}, 'eval_runtime': 290.7277, 'eval_samples_per_second': 51.595, 'eval_steps_per_second': 6.449, 'epoch': 3.61}
[1,0]<stdout>:{'eval_loss': 0.5050843954086304, 'eval_accuracy': 0.7950666546821594, 'eval_preds_freq': {0: 1482, 1: 1505, 2: 10689, 3: 674, 4: 53, 5: 597}, 'eval_labels_freq': {0: 1995, 1: 2594, 2: 9283, 3: 427, 4: 130, 5: 571}, 'eval_runtime': 290.5418, 'eval_samples_per_second': 51.628, 'eval_steps_per_second': 6.453, 'epoch': 3.66}
[1,0]<stdout>:{'eval_loss': 0.49913111329078674, 'eval_accuracy': 0.7945333123207092, 'eval_preds_freq': {0: 1417, 1: 1815, 2: 10568, 3: 522, 4: 81, 5: 597}, 'eval_labels_freq': {0: 1995, 1: 2594, 2: 9283, 3: 427, 4: 130, 5: 571}, 'eval_runtime': 290.8709, 'eval_samples_per_second': 51.569, 'eval_steps_per_second': 6.446, 'epoch': 3.71}
[1,0]<stdout>:{'eval_loss': 0.5018828511238098, 'eval_accuracy': 0.7950666546821594, 'eval_preds_freq': {0: 1457, 1: 1632, 2: 10641, 3: 650, 4: 23, 5: 597}, 'eval_labels_freq': {0: 1995, 1: 2594, 2: 9283, 3: 427, 4: 130, 5: 571}, 'eval_runtime': 290.9783, 'eval_samples_per_second': 51.55, 'eval_steps_per_second': 6.444, 'epoch': 3.76}
[1,0]<stdout>:{'loss': 0.5102, 'learning_rate': 1.2349397590361447e-05, 'epoch': 3.76}
[1,0]<stdout>:{'eval_loss': 0.5037285089492798, 'eval_accuracy': 0.7946666479110718, 'eval_preds_freq': {0: 1462, 1: 1580, 2: 10713, 3: 611, 4: 37, 5: 597}, 'eval_labels_freq': {0: 1995, 1: 2594, 2: 9283, 3: 427, 4: 130, 5: 571}, 'eval_runtime': 290.5166, 'eval_samples_per_second': 51.632, 'eval_steps_per_second': 6.454, 'epoch': 3.81}
[1,0]<stdout>:{'eval_loss': 0.49627378582954407, 'eval_accuracy': 0.7963333129882812, 'eval_preds_freq': {0: 1289, 1: 1859, 2: 10609, 3: 611, 4: 35, 5: 597}, 'eval_labels_freq': {0: 1995, 1: 2594, 2: 9283, 3: 427, 4: 130, 5: 571}, 'eval_runtime': 290.8848, 'eval_samples_per_second': 51.567, 'eval_steps_per_second': 6.446, 'epoch': 3.86}
[1,0]<stdout>:{'eval_loss': 0.4988117218017578, 'eval_accuracy': 0.795799970626831, 'eval_preds_freq': {0: 1257, 1: 1590, 2: 10837, 3: 663, 4: 56, 5: 597}, 'eval_labels_freq': {0: 1995, 1: 2594, 2: 9283, 3: 427, 4: 130, 5: 571}, 'eval_runtime': 291.0414, 'eval_samples_per_second': 51.539, 'eval_steps_per_second': 6.442, 'epoch': 3.9}
[1,0]<stdout>:{'eval_loss': 0.4991082549095154, 'eval_accuracy': 0.7940000295639038, 'eval_preds_freq': {0: 1277, 1: 1847, 2: 10592, 3: 655, 4: 32, 5: 597}, 'eval_labels_freq': {0: 1995, 1: 2594, 2: 9283, 3: 427, 4: 130, 5: 571}, 'eval_runtime': 290.9569, 'eval_samples_per_second': 51.554, 'eval_steps_per_second': 6.444, 'epoch': 3.95}
[1,0]<stdout>:{'loss': 0.4972, 'learning_rate': 1.0466867469879518e-05, 'epoch': 3.95}
[1,0]<stdout>:{'eval_loss': 0.500765860080719, 'eval_accuracy': 0.7953333258628845, 'eval_preds_freq': {0: 1264, 1: 1638, 2: 10798, 3: 678, 4: 25, 5: 597}, 'eval_labels_freq': {0: 1995, 1: 2594, 2: 9283, 3: 427, 4: 130, 5: 571}, 'eval_runtime': 290.9307, 'eval_samples_per_second': 51.559, 'eval_steps_per_second': 6.445, 'epoch': 4.0}
[1,0]<stdout>:{'eval_loss': 0.5041503310203552, 'eval_accuracy': 0.7917333245277405, 'eval_preds_freq': {0: 1315, 1: 1911, 2: 10479, 3: 657, 4: 41, 5: 597}, 'eval_labels_freq': {0: 1995, 1: 2594, 2: 9283, 3: 427, 4: 130, 5: 571}, 'eval_runtime': 291.0083, 'eval_samples_per_second': 51.545, 'eval_steps_per_second': 6.443, 'epoch': 4.05}
[1,0]<stdout>:{'eval_loss': 0.49906229972839355, 'eval_accuracy': 0.7925333380699158, 'eval_preds_freq': {0: 1482, 1: 1875, 2: 10274, 3: 678, 4: 94, 5: 597}, 'eval_labels_freq': {0: 1995, 1: 2594, 2: 9283, 3: 427, 4: 130, 5: 571}, 'eval_runtime': 290.751, 'eval_samples_per_second': 51.591, 'eval_steps_per_second': 6.449, 'epoch': 4.1}
[1,0]<stdout>:{'loss': 0.5009, 'learning_rate': 8.58433734939759e-06, 'epoch': 4.14}
[1,0]<stdout>:{'eval_loss': 0.49856308102607727, 'eval_accuracy': 0.7960000038146973, 'eval_preds_freq': {0: 1262, 1: 1697, 2: 10736, 3: 633, 4: 75, 5: 597}, 'eval_labels_freq': {0: 1995, 1: 2594, 2: 9283, 3: 427, 4: 130, 5: 571}, 'eval_runtime': 291.1118, 'eval_samples_per_second': 51.527, 'eval_steps_per_second': 6.441, 'epoch': 4.14}
[1,0]<stdout>:{'eval_loss': 0.49801602959632874, 'eval_accuracy': 0.7957333326339722, 'eval_preds_freq': {0: 1212, 1: 1771, 2: 10727, 3: 660, 4: 33, 5: 597}, 'eval_labels_freq': {0: 1995, 1: 2594, 2: 9283, 3: 427, 4: 130, 5: 571}, 'eval_runtime': 290.8136, 'eval_samples_per_second': 51.579, 'eval_steps_per_second': 6.447, 'epoch': 4.19}
[1,0]<stdout>:{'eval_loss': 0.4974575340747833, 'eval_accuracy': 0.7951333522796631, 'eval_preds_freq': {0: 1311, 1: 1748, 2: 10601, 3: 692, 4: 51, 5: 597}, 'eval_labels_freq': {0: 1995, 1: 2594, 2: 9283, 3: 427, 4: 130, 5: 571}, 'eval_runtime': 291.1214, 'eval_samples_per_second': 51.525, 'eval_steps_per_second': 6.441, 'epoch': 4.24}
[1,0]<stdout>:{'eval_loss': 0.4982559382915497, 'eval_accuracy': 0.7943333387374878, 'eval_preds_freq': {0: 1316, 1: 1900, 2: 10484, 3: 621, 4: 82, 5: 597}, 'eval_labels_freq': {0: 1995, 1: 2594, 2: 9283, 3: 427, 4: 130, 5: 571}, 'eval_runtime': 291.0252, 'eval_samples_per_second': 51.542, 'eval_steps_per_second': 6.443, 'epoch': 4.29}
