 
 Nodelist:=  node0006
 Number of nodes:=  1
 GPUs per node:=  0,2
 Ntasks per node:=  1
 Running on multiple nodes/GPU devices

 Run started at:- 
Sun May  8 04:29:07 EDT 2022
[1,0]<stdout>:{'eval_loss': 0.8153432607650757, 'eval_accuracy': 0.6940000057220459, 'eval_preds_freq': {0: 199, 1: 4, 2: 1248, 3: 0, 4: 0, 5: 49}, 'eval_labels_freq': {0: 210, 1: 261, 2: 917, 3: 54, 4: 11, 5: 47}, 'eval_runtime': 28.8495, 'eval_samples_per_second': 51.994, 'eval_steps_per_second': 6.517, 'epoch': 0.48}
[1,0]<stdout>:{'eval_loss': 0.7496938705444336, 'eval_accuracy': 0.7126666903495789, 'eval_preds_freq': {0: 6, 1: 120, 2: 1246, 3: 77, 4: 2, 5: 49}, 'eval_labels_freq': {0: 210, 1: 261, 2: 917, 3: 54, 4: 11, 5: 47}, 'eval_runtime': 28.6089, 'eval_samples_per_second': 52.431, 'eval_steps_per_second': 6.571, 'epoch': 0.96}
[1,0]<stdout>:{'eval_loss': 0.7047225832939148, 'eval_accuracy': 0.7093333601951599, 'eval_preds_freq': {0: 2, 1: 149, 2: 1246, 3: 54, 4: 0, 5: 49}, 'eval_labels_freq': {0: 210, 1: 261, 2: 917, 3: 54, 4: 11, 5: 47}, 'eval_runtime': 28.8183, 'eval_samples_per_second': 52.05, 'eval_steps_per_second': 6.524, 'epoch': 1.45}
[1,0]<stdout>:{'loss': 0.8717, 'learning_rate': 3.113207547169811e-05, 'epoch': 1.88}
[1,0]<stdout>:{'eval_loss': 0.6347598433494568, 'eval_accuracy': 0.7519999742507935, 'eval_preds_freq': {0: 75, 1: 215, 2: 1087, 3: 61, 4: 13, 5: 49}, 'eval_labels_freq': {0: 210, 1: 261, 2: 917, 3: 54, 4: 11, 5: 47}, 'eval_runtime': 28.422, 'eval_samples_per_second': 52.776, 'eval_steps_per_second': 6.615, 'epoch': 1.93}
[1,0]<stdout>:{'eval_loss': 0.6136472225189209, 'eval_accuracy': 0.7446666955947876, 'eval_preds_freq': {0: 81, 1: 180, 2: 1077, 3: 88, 4: 25, 5: 49}, 'eval_labels_freq': {0: 210, 1: 261, 2: 917, 3: 54, 4: 11, 5: 47}, 'eval_runtime': 28.8353, 'eval_samples_per_second': 52.02, 'eval_steps_per_second': 6.52, 'epoch': 2.41}
[1,0]<stdout>:{'eval_loss': 0.6200891733169556, 'eval_accuracy': 0.746666669845581, 'eval_preds_freq': {0: 59, 1: 203, 2: 1102, 3: 81, 4: 6, 5: 49}, 'eval_labels_freq': {0: 210, 1: 261, 2: 917, 3: 54, 4: 11, 5: 47}, 'eval_runtime': 28.6155, 'eval_samples_per_second': 52.419, 'eval_steps_per_second': 6.57, 'epoch': 2.9}
[1,0]<stdout>:{'eval_loss': 0.5909568071365356, 'eval_accuracy': 0.7493333220481873, 'eval_preds_freq': {0: 62, 1: 195, 2: 1107, 3: 77, 4: 10, 5: 49}, 'eval_labels_freq': {0: 210, 1: 261, 2: 917, 3: 54, 4: 11, 5: 47}, 'eval_runtime': 28.6016, 'eval_samples_per_second': 52.445, 'eval_steps_per_second': 6.573, 'epoch': 3.38}
[1,0]<stdout>:{'loss': 0.6297, 'learning_rate': 1.2264150943396227e-05, 'epoch': 3.77}
[1,0]<stdout>:{'eval_loss': 0.575951337814331, 'eval_accuracy': 0.762666642665863, 'eval_preds_freq': {0: 124, 1: 137, 2: 1123, 3: 62, 4: 5, 5: 49}, 'eval_labels_freq': {0: 210, 1: 261, 2: 917, 3: 54, 4: 11, 5: 47}, 'eval_runtime': 28.6681, 'eval_samples_per_second': 52.323, 'eval_steps_per_second': 6.558, 'epoch': 3.86}
[1,0]<stdout>:{'eval_loss': 0.5776509046554565, 'eval_accuracy': 0.7613333463668823, 'eval_preds_freq': {0: 148, 1: 211, 2: 991, 3: 77, 4: 24, 5: 49}, 'eval_labels_freq': {0: 210, 1: 261, 2: 917, 3: 54, 4: 11, 5: 47}, 'eval_runtime': 28.3987, 'eval_samples_per_second': 52.819, 'eval_steps_per_second': 6.62, 'epoch': 4.35}
[1,0]<stdout>:{'eval_loss': 0.568956732749939, 'eval_accuracy': 0.7680000066757202, 'eval_preds_freq': {0: 134, 1: 134, 2: 1086, 3: 79, 4: 18, 5: 49}, 'eval_labels_freq': {0: 210, 1: 261, 2: 917, 3: 54, 4: 11, 5: 47}, 'eval_runtime': 28.8309, 'eval_samples_per_second': 52.028, 'eval_steps_per_second': 6.521, 'epoch': 4.83}
[1,0]<stdout>:{'train_runtime': 2434.5872, 'train_samples_per_second': 17.457, 'train_steps_per_second': 0.544, 'train_loss': 0.7087481343971108, 'epoch': 5.0}
Run completed at:- 
Sun May  8 05:10:27 EDT 2022
